ERR: SELECT * FROM teams ORDER BY <Storage {'field': 'id'}> <Storage {'order': 'ASC'}>
Traceback (most recent call last):
  File "/Library/Python/2.7/site-packages/web.py-0.37-py2.7.egg/web/application.py", line 239, in process
    return self.handle()
  File "/Library/Python/2.7/site-packages/web.py-0.37-py2.7.egg/web/application.py", line 230, in handle
    return self._delegate(fn, self.fvars, args)
  File "/Library/Python/2.7/site-packages/web.py-0.37-py2.7.egg/web/application.py", line 420, in _delegate
    return handle_class(cls)
  File "/Library/Python/2.7/site-packages/web.py-0.37-py2.7.egg/web/application.py", line 396, in handle_class
    return tocall(*args)
  File "/Users/figitaki/Development/scoutbase/main.py", line 40, in GET
    dbTeams = db.select('teams', order='%s %s' % (field, order))
  File "/Library/Python/2.7/site-packages/web.py-0.37-py2.7.egg/web/db.py", line 682, in select
    return self.query(qout, processed=True)
  File "/Library/Python/2.7/site-packages/web.py-0.37-py2.7.egg/web/db.py", line 644, in query
    self._db_execute(db_cursor, sql_query)
  File "/Library/Python/2.7/site-packages/web.py-0.37-py2.7.egg/web/db.py", line 587, in _db_execute
    out = cur.execute(query, params)
ProgrammingError: syntax error at or near "<"
LINE 1: SELECT * FROM teams ORDER BY <Storage {'field': 'id'}> <Stor...
                                     ^


127.0.0.1:55273 - - [08/Feb/2014 11:30:31] "HTTP/1.1 GET /" - 500 Internal Server Error
ERR: SELECT * FROM teams ORDER BY <Storage {'field': 'id'}> <Storage {'order': 'ASC'}>
Traceback (most recent call last):
  File "/Library/Python/2.7/site-packages/web.py-0.37-py2.7.egg/web/application.py", line 239, in process
    return self.handle()
  File "/Library/Python/2.7/site-packages/web.py-0.37-py2.7.egg/web/application.py", line 230, in handle
    return self._delegate(fn, self.fvars, args)
  File "/Library/Python/2.7/site-packages/web.py-0.37-py2.7.egg/web/application.py", line 420, in _delegate
    return handle_class(cls)
  File "/Library/Python/2.7/site-packages/web.py-0.37-py2.7.egg/web/application.py", line 396, in handle_class
    return tocall(*args)
  File "/Users/figitaki/Development/scoutbase/main.py", line 40, in GET
    dbTeams = db.select('teams', order='%s %s' % {field, order})
  File "/Library/Python/2.7/site-packages/web.py-0.37-py2.7.egg/web/db.py", line 682, in select
    return self.query(qout, processed=True)
  File "/Library/Python/2.7/site-packages/web.py-0.37-py2.7.egg/web/db.py", line 644, in query
    self._db_execute(db_cursor, sql_query)
  File "/Library/Python/2.7/site-packages/web.py-0.37-py2.7.egg/web/db.py", line 587, in _db_execute
    out = cur.execute(query, params)
ProgrammingError: syntax error at or near "<"
LINE 1: SELECT * FROM teams ORDER BY <Storage {'field': 'id'}> <Stor...
                                     ^


127.0.0.1:55281 - - [08/Feb/2014 11:31:57] "HTTP/1.1 GET /" - 500 Internal Server Error
ERR: SELECT * FROM teams ORDER BY <Storage {'field': 'id'}> <Storage {'order': 'ASC'}>
Traceback (most recent call last):
  File "/Library/Python/2.7/site-packages/web.py-0.37-py2.7.egg/web/application.py", line 239, in process
    return self.handle()
  File "/Library/Python/2.7/site-packages/web.py-0.37-py2.7.egg/web/application.py", line 230, in handle
    return self._delegate(fn, self.fvars, args)
  File "/Library/Python/2.7/site-packages/web.py-0.37-py2.7.egg/web/application.py", line 420, in _delegate
    return handle_class(cls)
  File "/Library/Python/2.7/site-packages/web.py-0.37-py2.7.egg/web/application.py", line 396, in handle_class
    return tocall(*args)
  File "/Users/figitaki/Development/scoutbase/main.py", line 40, in GET
    dbTeams = db.select('teams', order='%(field)s %(order)s' % {'field': field, 'order': order})
  File "/Library/Python/2.7/site-packages/web.py-0.37-py2.7.egg/web/db.py", line 682, in select
    return self.query(qout, processed=True)
  File "/Library/Python/2.7/site-packages/web.py-0.37-py2.7.egg/web/db.py", line 644, in query
    self._db_execute(db_cursor, sql_query)
  File "/Library/Python/2.7/site-packages/web.py-0.37-py2.7.egg/web/db.py", line 587, in _db_execute
    out = cur.execute(query, params)
ProgrammingError: syntax error at or near "<"
LINE 1: SELECT * FROM teams ORDER BY <Storage {'field': 'id'}> <Stor...
                                     ^


127.0.0.1:55283 - - [08/Feb/2014 11:32:51] "HTTP/1.1 GET /" - 500 Internal Server Error
Traceback (most recent call last):
  File "/Library/Python/2.7/site-packages/web.py-0.37-py2.7.egg/web/application.py", line 239, in process
    return self.handle()
  File "/Library/Python/2.7/site-packages/web.py-0.37-py2.7.egg/web/application.py", line 230, in handle
    return self._delegate(fn, self.fvars, args)
  File "/Library/Python/2.7/site-packages/web.py-0.37-py2.7.egg/web/application.py", line 420, in _delegate
    return handle_class(cls)
  File "/Library/Python/2.7/site-packages/web.py-0.37-py2.7.egg/web/application.py", line 396, in handle_class
    return tocall(*args)
  File "/Users/figitaki/Development/scoutbase/main.py", line 40, in GET
    arg = field + ' ' + order
TypeError: unsupported operand type(s) for +: 'Storage' and 'str'

127.0.0.1:55330 - - [08/Feb/2014 11:33:57] "HTTP/1.1 GET /" - 500 Internal Server Error
Traceback (most recent call last):
  File "/Library/Python/2.7/site-packages/web.py-0.37-py2.7.egg/web/application.py", line 239, in process
    return self.handle()
  File "/Library/Python/2.7/site-packages/web.py-0.37-py2.7.egg/web/application.py", line 230, in handle
    return self._delegate(fn, self.fvars, args)
  File "/Library/Python/2.7/site-packages/web.py-0.37-py2.7.egg/web/application.py", line 420, in _delegate
    return handle_class(cls)
  File "/Library/Python/2.7/site-packages/web.py-0.37-py2.7.egg/web/application.py", line 396, in handle_class
    return tocall(*args)
  File "/Users/figitaki/Development/scoutbase/main.py", line 40, in GET
    arg = field + ' ' + order
TypeError: unsupported operand type(s) for +: 'Storage' and 'str'

127.0.0.1:55332 - - [08/Feb/2014 11:34:32] "HTTP/1.1 GET /" - 500 Internal Server Error
ERR: SELECT * FROM teams ORDER BY <Storage {'field': 'id'}>
Traceback (most recent call last):
  File "/Library/Python/2.7/site-packages/web.py-0.37-py2.7.egg/web/application.py", line 239, in process
    return self.handle()
  File "/Library/Python/2.7/site-packages/web.py-0.37-py2.7.egg/web/application.py", line 230, in handle
    return self._delegate(fn, self.fvars, args)
  File "/Library/Python/2.7/site-packages/web.py-0.37-py2.7.egg/web/application.py", line 420, in _delegate
    return handle_class(cls)
  File "/Library/Python/2.7/site-packages/web.py-0.37-py2.7.egg/web/application.py", line 396, in handle_class
    return tocall(*args)
  File "/Users/figitaki/Development/scoutbase/main.py", line 41, in GET
    dbTeams = db.select('teams', order=arg)
  File "/Library/Python/2.7/site-packages/web.py-0.37-py2.7.egg/web/db.py", line 682, in select
    return self.query(qout, processed=True)
  File "/Library/Python/2.7/site-packages/web.py-0.37-py2.7.egg/web/db.py", line 644, in query
    self._db_execute(db_cursor, sql_query)
  File "/Library/Python/2.7/site-packages/web.py-0.37-py2.7.egg/web/db.py", line 587, in _db_execute
    out = cur.execute(query, params)
ProgrammingError: syntax error at or near "<"
LINE 1: SELECT * FROM teams ORDER BY <Storage {'field': 'id'}>
                                     ^


127.0.0.1:55334 - - [08/Feb/2014 11:34:53] "HTTP/1.1 GET /" - 500 Internal Server Error
Traceback (most recent call last):
  File "/Library/Python/2.7/site-packages/web.py-0.37-py2.7.egg/web/application.py", line 237, in process
    return p(lambda: process(processors))
  File "/Library/Python/2.7/site-packages/web.py-0.37-py2.7.egg/web/application.py", line 565, in processor
    h()
  File "/Library/Python/2.7/site-packages/web.py-0.37-py2.7.egg/web/application.py", line 661, in __call__
    self.check(mod)
  File "/Library/Python/2.7/site-packages/web.py-0.37-py2.7.egg/web/application.py", line 680, in check
    reload(mod)
  File "/Users/figitaki/Development/scoutbase/main.py", line 40
    dbTeams = db.select('teams', order='%s %s' % {field.id, order))
                                                                 ^
SyntaxError: invalid syntax

127.0.0.1:55336 - - [08/Feb/2014 11:35:25] "HTTP/1.1 GET /" - 500 Internal Server Error
Traceback (most recent call last):
  File "/Library/Python/2.7/site-packages/web.py-0.37-py2.7.egg/web/application.py", line 239, in process
    return self.handle()
  File "/Library/Python/2.7/site-packages/web.py-0.37-py2.7.egg/web/application.py", line 230, in handle
    return self._delegate(fn, self.fvars, args)
  File "/Library/Python/2.7/site-packages/web.py-0.37-py2.7.egg/web/application.py", line 420, in _delegate
    return handle_class(cls)
  File "/Library/Python/2.7/site-packages/web.py-0.37-py2.7.egg/web/application.py", line 396, in handle_class
    return tocall(*args)
  File "/Users/figitaki/Development/scoutbase/main.py", line 40, in GET
    dbTeams = db.select('teams', order='%s %s' % (field.id, order))
  File "/Library/Python/2.7/site-packages/web.py-0.37-py2.7.egg/web/utils.py", line 76, in __getattr__
    raise AttributeError, k
AttributeError: 'id'

127.0.0.1:55339 - - [08/Feb/2014 11:35:38] "HTTP/1.1 GET /" - 500 Internal Server Error
ERR: SELECT * FROM teams ORDER BY id <Storage {'order': 'ASC'}>
Traceback (most recent call last):
  File "/Library/Python/2.7/site-packages/web.py-0.37-py2.7.egg/web/application.py", line 239, in process
    return self.handle()
  File "/Library/Python/2.7/site-packages/web.py-0.37-py2.7.egg/web/application.py", line 230, in handle
    return self._delegate(fn, self.fvars, args)
  File "/Library/Python/2.7/site-packages/web.py-0.37-py2.7.egg/web/application.py", line 420, in _delegate
    return handle_class(cls)
  File "/Library/Python/2.7/site-packages/web.py-0.37-py2.7.egg/web/application.py", line 396, in handle_class
    return tocall(*args)
  File "/Users/figitaki/Development/scoutbase/main.py", line 40, in GET
    dbTeams = db.select('teams', order='%s %s' % (field.field, order))
  File "/Library/Python/2.7/site-packages/web.py-0.37-py2.7.egg/web/db.py", line 682, in select
    return self.query(qout, processed=True)
  File "/Library/Python/2.7/site-packages/web.py-0.37-py2.7.egg/web/db.py", line 644, in query
    self._db_execute(db_cursor, sql_query)
  File "/Library/Python/2.7/site-packages/web.py-0.37-py2.7.egg/web/db.py", line 587, in _db_execute
    out = cur.execute(query, params)
ProgrammingError: syntax error at or near "{"
LINE 1: SELECT * FROM teams ORDER BY id <Storage {'order': 'ASC'}>
                                                 ^


127.0.0.1:55341 - - [08/Feb/2014 11:35:54] "HTTP/1.1 GET /" - 500 Internal Server Error
0.01 (1): SELECT * FROM teams ORDER BY id ASC
127.0.0.1:55341 - - [08/Feb/2014 11:36:03] "HTTP/1.1 GET /" - 200 OK
127.0.0.1:55341 - - [08/Feb/2014 11:36:03] "HTTP/1.1 GET /static/style.css" - 304 Not Modified
0.0 (1): SELECT * FROM teams ORDER BY name ASC
127.0.0.1:55343 - - [08/Feb/2014 11:36:15] "HTTP/1.1 GET /" - 200 OK
0.0 (1): SELECT * FROM teams ORDER BY tele_op ASC
127.0.0.1:55343 - - [08/Feb/2014 11:36:23] "HTTP/1.1 GET /" - 200 OK
0.0 (1): SELECT * FROM teams ORDER BY tele_op DESC
127.0.0.1:55345 - - [08/Feb/2014 11:36:38] "HTTP/1.1 GET /" - 200 OK
